<?xml version="1.0" encoding="UTF-8" ?>
<testsuites>
  <testsuite errors="0" failures="0" hostname="Kevin" id="0" name="Project2Test" package="" tests="3" time="6.641" timestamp="2014-01-14T11:24:13">
      <properties>
[...]
</properties>

      <testcase classname="Project2Test" name="testGetFirstFoodinfofromCity" time="1.784" />

      <testcase classname="Project2Test" name="testGetFirstLiveinfofromCity" time="0.416" />

      <testcase classname="Project2Test" name="testGetFirstSiteinfofromCity" time="4.372" />

      <system-out><![CDATA[]]></system-out>

      <system-err><![CDATA[]]></system-err>

  </testsuite>
</testsuites>
