<?xml version="1.0" encoding="UTF-8" ?>
<testsuite errors="0" failures="0" hostname="Kevin" name="Project2Test" tests="3" time="1.807" timestamp="2014-01-15T01:41:05">
  <properties>
[...]
</properties>
  <testcase classname="Project2Test" name="testGetFirstFoodinfofromCity" time="0.785" />
  <testcase classname="Project2Test" name="testGetFirstLiveinfofromCity" time="0.165" />
  <testcase classname="Project2Test" name="testGetFirstSiteinfofromCity" time="0.461" />
  <system-out><![CDATA[]]></system-out>
  <system-err><![CDATA[]]></system-err>
</testsuite>
